{
  "f97e68d2b4fcbb6ecc454ce04a1c6d76" : {
    "statistic" : {
      "failed" : 0,
      "broken" : 1,
      "skipped" : 0,
      "passed" : 1,
      "unknown" : 0,
      "total" : 2
    },
    "items" : [ {
      "uid" : "154f2a932b813b99",
      "reportUrl" : "https://barthaniki.github.io/conduit/5//#testresult/154f2a932b813b99",
      "status" : "broken",
      "statusDetails" : "selenium.common.exceptions.NoSuchElementException: Message: no such element: Unable to locate element: {\"method\":\"xpath\",\"selector\":\"//a[@href=\"#/login\"]\"}\n  (Session info: headless chrome=91.0.4472.164)",
      "time" : {
        "start" : 1627116957026,
        "stop" : 1627116957472,
        "duration" : 446
      }
    }, {
      "uid" : "a6fde672a6e8d60b",
      "reportUrl" : "https://barthaniki.github.io/conduit/4//#testresult/a6fde672a6e8d60b",
      "status" : "passed",
      "time" : {
        "start" : 1627116935595,
        "stop" : 1627116942112,
        "duration" : 6517
      }
    } ]
  },
  "227ddc143b2da62ff9250114099efda8" : {
    "statistic" : {
      "failed" : 0,
      "broken" : 2,
      "skipped" : 0,
      "passed" : 0,
      "unknown" : 0,
      "total" : 2
    },
    "items" : [ {
      "uid" : "88dd46ee57a00ecf",
      "reportUrl" : "https://barthaniki.github.io/conduit/5//#testresult/88dd46ee57a00ecf",
      "status" : "broken",
      "statusDetails" : "selenium.common.exceptions.WebDriverException: Message: unknown error: Chrome failed to start: exited abnormally.\n  (unknown error: DevToolsActivePort file doesn't exist)\n  (The process started from chrome location /usr/bin/google-chrome is no longer running, so ChromeDriver is assuming that Chrome has crashed.)",
      "time" : {
        "start" : 1627116955099,
        "stop" : 1627116955099,
        "duration" : 0
      }
    }, {
      "uid" : "a09b9be2c451863e",
      "reportUrl" : "https://barthaniki.github.io/conduit/4//#testresult/a09b9be2c451863e",
      "status" : "broken",
      "statusDetails" : "selenium.common.exceptions.WebDriverException: Message: unknown error: Chrome failed to start: exited abnormally.\n  (unknown error: DevToolsActivePort file doesn't exist)\n  (The process started from chrome location /usr/bin/google-chrome is no longer running, so ChromeDriver is assuming that Chrome has crashed.)",
      "time" : {
        "start" : 1627116934444,
        "stop" : 1627116934444,
        "duration" : 0
      }
    } ]
  },
  "223efa39351c03a2eae8e1835e2dad3a" : {
    "statistic" : {
      "failed" : 0,
      "broken" : 1,
      "skipped" : 0,
      "passed" : 0,
      "unknown" : 0,
      "total" : 1
    },
    "items" : [ {
      "uid" : "1d663e5b81763ae6",
      "reportUrl" : "https://barthaniki.github.io/conduit/4//#testresult/1d663e5b81763ae6",
      "status" : "broken",
      "statusDetails" : "selenium.common.exceptions.WebDriverException: Message: unknown error: Chrome failed to start: exited abnormally.\n  (unknown error: DevToolsActivePort file doesn't exist)\n  (The process started from chrome location /usr/bin/google-chrome is no longer running, so ChromeDriver is assuming that Chrome has crashed.)",
      "time" : {
        "start" : 1627116932346,
        "stop" : 1627116932346,
        "duration" : 0
      }
    } ]
  }
}